<?xml version="1.0" encoding="UTF-8"?>
<TestRun id="6a612de3-90de-416c-8104-7be23996f2a8" name="Trissential@TRISSENTIAL-PC 2012-03-06 14:25:14" runUser="TRISSENTIAL-PC\Trissential" xmlns="http://microsoft.com/schemas/VisualStudio/TeamTest/2010">
  <TestSettings name="Default Test Settings" id="3feecfcb-689f-4750-ac67-bfabc99e5ce8">
    <Deployment runDeploymentRoot="Trissential_TRISSENTIAL-PC 2012-03-06 14_25_14">
      <DeploymentItem filename="c:\users\trissential\documents\visual studio 2010\Projects\MvcUnitTest\MvcUnitTest\bin\MvcUnitTest.dll" />
      <DeploymentItem filename="c:\users\trissential\documents\visual studio 2010\Projects\MvcUnitTest\packages\Moq.4.0.10827\lib\NET40\Moq.dll" />
    </Deployment>
    <Execution>
      <TestTypeSpecific />
      <AgentRule name="Execution Agents">
      </AgentRule>
    </Execution>
  </TestSettings>
  <Times creation="2012-03-06T14:25:14.3678000-06:00" queuing="2012-03-06T14:25:14.7028192-06:00" start="2012-03-06T14:25:14.8118254-06:00" finish="2012-03-06T14:25:15.4218603-06:00" />
  <ResultSummary outcome="Failed">
    <Counters total="2" executed="2" passed="1" error="0" failed="1" timeout="0" aborted="0" inconclusive="0" passedButRunAborted="0" notRunnable="0" notExecuted="0" disconnected="0" warning="0" completed="0" inProgress="0" pending="0" />
  </ResultSummary>
  <TestDefinitions>
    <UnitTest name="IndexTest" storage="c:\users\trissential\documents\visual studio 2010\projects\mvcunittest\mvcunittest.tests\bin\debug\mvcunittest.tests.dll" id="54015d49-2b0e-336c-6efe-78bacbe02a4b">
      <Execution id="0b0346d8-3c5b-4ea5-b810-dcf61849eb10" />
      <TestMethod codeBase="c:/users/trissential/documents/visual studio 2010/Projects/MvcUnitTest/MvcUnitTest.Tests/bin/Debug/MvcUnitTest.Tests.DLL" adapterTypeName="Microsoft.VisualStudio.TestTools.TestTypes.Unit.UnitTestAdapter, Microsoft.VisualStudio.QualityTools.Tips.UnitTest.Adapter, Version=10.0.0.0, Culture=neutral, PublicKeyToken=b03f5f7f11d50a3a" className="MvcUnitTest.Tests.Controllers.HomeControllerTest, MvcUnitTest.Tests, Version=1.0.0.0, Culture=neutral, PublicKeyToken=null" name="IndexTest" />
    </UnitTest>
    <UnitTest name="AboutTest" storage="c:\users\trissential\documents\visual studio 2010\projects\mvcunittest\mvcunittest.tests\bin\debug\mvcunittest.tests.dll" id="6a22452a-3f53-e0e7-053e-856e1bd37140">
      <Execution id="aeb276d9-94b5-45c7-bde1-b7019455c404" />
      <TestMethod codeBase="c:/users/trissential/documents/visual studio 2010/Projects/MvcUnitTest/MvcUnitTest.Tests/bin/Debug/MvcUnitTest.Tests.DLL" adapterTypeName="Microsoft.VisualStudio.TestTools.TestTypes.Unit.UnitTestAdapter, Microsoft.VisualStudio.QualityTools.Tips.UnitTest.Adapter, Version=10.0.0.0, Culture=neutral, PublicKeyToken=b03f5f7f11d50a3a" className="MvcUnitTest.Tests.Controllers.HomeControllerTest, MvcUnitTest.Tests, Version=1.0.0.0, Culture=neutral, PublicKeyToken=null" name="AboutTest" />
    </UnitTest>
  </TestDefinitions>
  <TestLists>
    <TestList name="Results Not in a List" id="8c84fa94-04c1-424b-9868-57a2d4851a1d" />
    <TestList name="All Loaded Results" id="19431567-8539-422a-85d7-44ee4e166bda" />
  </TestLists>
  <TestEntries>
    <TestEntry testId="54015d49-2b0e-336c-6efe-78bacbe02a4b" executionId="0b0346d8-3c5b-4ea5-b810-dcf61849eb10" testListId="8c84fa94-04c1-424b-9868-57a2d4851a1d" />
    <TestEntry testId="6a22452a-3f53-e0e7-053e-856e1bd37140" executionId="aeb276d9-94b5-45c7-bde1-b7019455c404" testListId="8c84fa94-04c1-424b-9868-57a2d4851a1d" />
  </TestEntries>
  <Results>
    <UnitTestResult executionId="0b0346d8-3c5b-4ea5-b810-dcf61849eb10" testId="54015d49-2b0e-336c-6efe-78bacbe02a4b" testName="IndexTest" computerName="TRISSENTIAL-PC" duration="00:00:00.2898988" startTime="2012-03-06T14:25:14.8248262-06:00" endTime="2012-03-06T14:25:15.3308551-06:00" testType="13cdc9d9-ddb5-4fa4-a97d-d965ccfc6d4b" outcome="Passed" testListId="8c84fa94-04c1-424b-9868-57a2d4851a1d" relativeResultsDirectory="0b0346d8-3c5b-4ea5-b810-dcf61849eb10">
    </UnitTestResult>
    <UnitTestResult executionId="aeb276d9-94b5-45c7-bde1-b7019455c404" testId="6a22452a-3f53-e0e7-053e-856e1bd37140" testName="AboutTest" computerName="TRISSENTIAL-PC" duration="00:00:00.0623680" startTime="2012-03-06T14:25:15.3338553-06:00" endTime="2012-03-06T14:25:15.4028592-06:00" testType="13cdc9d9-ddb5-4fa4-a97d-d965ccfc6d4b" outcome="Failed" testListId="8c84fa94-04c1-424b-9868-57a2d4851a1d" relativeResultsDirectory="aeb276d9-94b5-45c7-bde1-b7019455c404">
      <Output>
        <ErrorInfo>
          <Message>Assert.IsNotNull failed. </Message>
          <StackTrace>   at MvcUnitTest.Tests.Controllers.HomeControllerTest.AboutTest() in c:\users\trissential\documents\visual studio 2010\Projects\MvcUnitTest\MvcUnitTest.Tests\Controllers\HomeControllerTest.cs:line 46
</StackTrace>
        </ErrorInfo>
      </Output>
    </UnitTestResult>
  </Results>
</TestRun>