<?xml version="1.0" encoding="UTF-8"?>
<TestRun id="e57a0f98-7f8b-4acf-9e31-477e447ac6fa" name="nostlie@DELL2011WIN78 2011-12-02 15:18:37" runUser="SOLUTION\nostlie" xmlns="http://microsoft.com/schemas/VisualStudio/TeamTest/2010">
  <TestSettings name="Local" id="6f132d93-0e1f-4499-aa8c-d68c0c2f5cfd">
    <Description>These are default test settings for a local test run.</Description>
    <Deployment enabled="false" runDeploymentRoot="nostlie_DELL2011WIN78 2011-12-02 15_18_37">
      <DeploymentItem filename="C:\Projects\WcfService1\Data\bin\Debug\WcfService1.Data.dll" />
      <DeploymentItem filename="C:\Projects\WcfService1\Controllers\bin\Debug\WcfService1.Controllers.dll" />
      <DeploymentItem filename="C:\Projects\WcfService1\Services\bin\Debug\WcfService1.Services.dll" />
      <DeploymentItem filename="C:\Projects\WcfService1\Contracts\bin\Debug\WcfService1.Contracts.dll" />
    </Deployment>
    <Execution>
      <TestTypeSpecific />
      <AgentRule name="Execution Agents">
      </AgentRule>
    </Execution>
  </TestSettings>
  <Times creation="2011-12-02T15:18:37.4438923-06:00" queuing="2011-12-02T15:18:38.4649944-06:00" start="2011-12-02T15:18:38.5880067-06:00" finish="2011-12-02T15:18:58.4459923-06:00" />
  <ResultSummary outcome="Error">
    <Counters total="1" executed="1" error="0" failed="0" timeout="0" aborted="1" inconclusive="0" passedButRunAborted="0" notRunnable="0" notExecuted="0" disconnected="0" warning="0" passed="0" completed="0" inProgress="0" pending="0" />
    <RunInfos>
      <RunInfo computerName="DELL2011WIN78" outcome="Error" timestamp="2011-12-02T15:18:58.4439921-06:00">
        <Text>Test host process exited unexpectedly.</Text>
      </RunInfo>
    </RunInfos>
  </ResultSummary>
  <TestDefinitions>
    <UnitTest name="TestMethod1" storage="c:\projects\wcfservice1\unittests\bin\debug\unittests.dll" id="f07eaa1a-3816-227c-cd6b-a1c60446b33c">
      <Execution id="90d2113f-8f75-4538-b857-c28508cc33e3" />
      <TestMethod codeBase="C:/Projects/WcfService1/UnitTests/bin/Debug/UnitTests.DLL" adapterTypeName="Microsoft.VisualStudio.TestTools.TestTypes.Unit.UnitTestAdapter, Microsoft.VisualStudio.QualityTools.Tips.UnitTest.Adapter, Version=10.0.0.0, Culture=neutral, PublicKeyToken=b03f5f7f11d50a3a" className="UnitTests.Service1Tests, UnitTests, Version=1.0.0.0, Culture=neutral, PublicKeyToken=null" name="TestMethod1" />
    </UnitTest>
  </TestDefinitions>
  <TestLists>
    <TestList name="Results Not in a List" id="8c84fa94-04c1-424b-9868-57a2d4851a1d" />
    <TestList name="All Loaded Results" id="19431567-8539-422a-85d7-44ee4e166bda" />
  </TestLists>
  <TestEntries>
    <TestEntry testId="f07eaa1a-3816-227c-cd6b-a1c60446b33c" executionId="90d2113f-8f75-4538-b857-c28508cc33e3" testListId="8c84fa94-04c1-424b-9868-57a2d4851a1d" />
  </TestEntries>
  <Results>
    <UnitTestResult executionId="90d2113f-8f75-4538-b857-c28508cc33e3" testId="f07eaa1a-3816-227c-cd6b-a1c60446b33c" testName="TestMethod1" computerName="DELL2011WIN78" duration="00:00:19.7429741" startTime="2011-12-02T15:18:38.7030182-06:00" endTime="2011-12-02T15:18:58.4459923-06:00" testType="13cdc9d9-ddb5-4fa4-a97d-d965ccfc6d4b" outcome="Aborted" testListId="8c84fa94-04c1-424b-9868-57a2d4851a1d" relativeResultsDirectory="90d2113f-8f75-4538-b857-c28508cc33e3">
    </UnitTestResult>
  </Results>
</TestRun>